0 info it worked if it ends with ok
1 verbose cli [ '/usr/bin/node', '/usr/bin/npm', 'install' ]
2 info using npm@3.5.2
3 info using node@v8.10.0
4 silly loadCurrentTree Starting
5 silly install loadCurrentTree
6 silly install readLocalPackageData
7 silly install normalizeTree
8 silly loadCurrentTree Finishing
9 silly loadIdealTree Starting
10 silly install loadIdealTree
11 silly cloneCurrentTree Starting
12 silly install cloneCurrentTreeToIdealTree
13 silly cloneCurrentTree Finishing
14 silly loadShrinkwrap Starting
15 silly install loadShrinkwrap
16 silly loadShrinkwrap Finishing
17 silly loadAllDepsIntoIdealTree Starting
18 silly install loadAllDepsIntoIdealTree
19 silly fetchNamedPackageData autoprefixer
20 silly mapToRegistry name autoprefixer
21 silly mapToRegistry using default registry
22 silly mapToRegistry registry https://registry.npmjs.org/
23 silly mapToRegistry uri https://registry.npmjs.org/autoprefixer
24 silly fetchNamedPackageData concat
25 silly mapToRegistry name concat
26 silly mapToRegistry using default registry
27 silly mapToRegistry registry https://registry.npmjs.org/
28 silly mapToRegistry uri https://registry.npmjs.org/concat
29 silly fetchNamedPackageData node-sass
30 silly mapToRegistry name node-sass
31 silly mapToRegistry using default registry
32 silly mapToRegistry registry https://registry.npmjs.org/
33 silly mapToRegistry uri https://registry.npmjs.org/node-sass
34 silly fetchNamedPackageData npm-run-all
35 silly mapToRegistry name npm-run-all
36 silly mapToRegistry using default registry
37 silly mapToRegistry registry https://registry.npmjs.org/
38 silly mapToRegistry uri https://registry.npmjs.org/npm-run-all
39 silly fetchNamedPackageData postcss-cli
40 silly mapToRegistry name postcss-cli
41 silly mapToRegistry using default registry
42 silly mapToRegistry registry https://registry.npmjs.org/
43 silly mapToRegistry uri https://registry.npmjs.org/postcss-cli
44 verbose request uri https://registry.npmjs.org/npm-run-all
45 verbose request no auth needed
46 info attempt registry request try #1 at 6:36:25 PM
47 verbose request id 846cb429bf036145
48 verbose etag W/"b0bc139fda34a0f559c1b0bce1f2e5d2"
49 verbose lastModified Fri, 29 Nov 2019 09:32:44 GMT
50 http request GET https://registry.npmjs.org/npm-run-all
51 verbose request uri https://registry.npmjs.org/autoprefixer
52 verbose request no auth needed
53 info attempt registry request try #1 at 6:36:25 PM
54 verbose etag W/"7cbca5d1687b0d3dc0b89d87ab8104d5"
55 verbose lastModified Wed, 24 Jun 2020 03:31:13 GMT
56 http request GET https://registry.npmjs.org/autoprefixer
57 verbose request uri https://registry.npmjs.org/postcss-cli
58 verbose request no auth needed
59 info attempt registry request try #1 at 6:36:25 PM
60 verbose etag W/"52a83683fcc7723a04f9cd1c7891cd6e"
61 verbose lastModified Mon, 27 Apr 2020 17:18:52 GMT
62 http request GET https://registry.npmjs.org/postcss-cli
63 verbose request uri https://registry.npmjs.org/concat
64 verbose request no auth needed
65 info attempt registry request try #1 at 6:36:25 PM
66 verbose etag W/"adbe740090d349dc02948f0f3a0c93d1"
67 verbose lastModified Sat, 26 May 2018 20:40:57 GMT
68 http request GET https://registry.npmjs.org/concat
69 http 304 https://registry.npmjs.org/autoprefixer
70 verbose headers { date: 'Wed, 08 Jul 2020 15:36:25 GMT',
70 verbose headers   connection: 'keep-alive',
70 verbose headers   'set-cookie':
70 verbose headers    [ '__cfduid=d1bfd27a3fc562e358042f12b253033631594222585; expires=Fri, 07-Aug-20 15:36:25 GMT; path=/; domain=.npmjs.org; HttpOnly; SameSite=Lax' ],
70 verbose headers   'cf-ray': '5afae1751c47e17e-IST',
70 verbose headers   age: '6130',
70 verbose headers   'cache-control': 'public, max-age=300',
70 verbose headers   etag: '"7cbca5d1687b0d3dc0b89d87ab8104d5"',
70 verbose headers   'last-modified': 'Wed, 24 Jun 2020 03:31:13 GMT',
70 verbose headers   vary: 'Accept-Encoding',
70 verbose headers   'cf-cache-status': 'HIT',
70 verbose headers   'cf-request-id': '03d0ab3d300000e17e5c3e7200000001',
70 verbose headers   'expect-ct': 'max-age=604800, report-uri="https://report-uri.cloudflare.com/cdn-cgi/beacon/expect-ct"',
70 verbose headers   server: 'cloudflare' }
71 silly get cb [ 304,
71 silly get   { date: 'Wed, 08 Jul 2020 15:36:25 GMT',
71 silly get     connection: 'keep-alive',
71 silly get     'set-cookie':
71 silly get      [ '__cfduid=d1bfd27a3fc562e358042f12b253033631594222585; expires=Fri, 07-Aug-20 15:36:25 GMT; path=/; domain=.npmjs.org; HttpOnly; SameSite=Lax' ],
71 silly get     'cf-ray': '5afae1751c47e17e-IST',
71 silly get     age: '6130',
71 silly get     'cache-control': 'public, max-age=300',
71 silly get     etag: '"7cbca5d1687b0d3dc0b89d87ab8104d5"',
71 silly get     'last-modified': 'Wed, 24 Jun 2020 03:31:13 GMT',
71 silly get     vary: 'Accept-Encoding',
71 silly get     'cf-cache-status': 'HIT',
71 silly get     'cf-request-id': '03d0ab3d300000e17e5c3e7200000001',
71 silly get     'expect-ct': 'max-age=604800, report-uri="https://report-uri.cloudflare.com/cdn-cgi/beacon/expect-ct"',
71 silly get     server: 'cloudflare' } ]
72 verbose etag https://registry.npmjs.org/autoprefixer from cache
73 verbose get saving autoprefixer to /home/appsius/.npm/registry.npmjs.org/autoprefixer/.cache.json
74 http 304 https://registry.npmjs.org/concat
75 verbose headers { date: 'Wed, 08 Jul 2020 15:36:25 GMT',
75 verbose headers   connection: 'keep-alive',
75 verbose headers   'set-cookie':
75 verbose headers    [ '__cfduid=d34b35f37c725cf91845564404f079d781594222585; expires=Fri, 07-Aug-20 15:36:25 GMT; path=/; domain=.npmjs.org; HttpOnly; SameSite=Lax' ],
75 verbose headers   'cf-ray': '5afae1750ea4da16-IST',
75 verbose headers   age: '2004',
75 verbose headers   'cache-control': 'public, max-age=300',
75 verbose headers   etag: '"adbe740090d349dc02948f0f3a0c93d1"',
75 verbose headers   'last-modified': 'Sat, 26 May 2018 20:40:57 GMT',
75 verbose headers   vary: 'Accept-Encoding',
75 verbose headers   'cf-cache-status': 'HIT',
75 verbose headers   'cf-request-id': '03d0ab3d280000da16d4047200000001',
75 verbose headers   'expect-ct': 'max-age=604800, report-uri="https://report-uri.cloudflare.com/cdn-cgi/beacon/expect-ct"',
75 verbose headers   server: 'cloudflare' }
76 silly get cb [ 304,
76 silly get   { date: 'Wed, 08 Jul 2020 15:36:25 GMT',
76 silly get     connection: 'keep-alive',
76 silly get     'set-cookie':
76 silly get      [ '__cfduid=d34b35f37c725cf91845564404f079d781594222585; expires=Fri, 07-Aug-20 15:36:25 GMT; path=/; domain=.npmjs.org; HttpOnly; SameSite=Lax' ],
76 silly get     'cf-ray': '5afae1750ea4da16-IST',
76 silly get     age: '2004',
76 silly get     'cache-control': 'public, max-age=300',
76 silly get     etag: '"adbe740090d349dc02948f0f3a0c93d1"',
76 silly get     'last-modified': 'Sat, 26 May 2018 20:40:57 GMT',
76 silly get     vary: 'Accept-Encoding',
76 silly get     'cf-cache-status': 'HIT',
76 silly get     'cf-request-id': '03d0ab3d280000da16d4047200000001',
76 silly get     'expect-ct': 'max-age=604800, report-uri="https://report-uri.cloudflare.com/cdn-cgi/beacon/expect-ct"',
76 silly get     server: 'cloudflare' } ]
77 verbose etag https://registry.npmjs.org/concat from cache
78 verbose get saving concat to /home/appsius/.npm/registry.npmjs.org/concat/.cache.json
79 silly resolveWithNewModule concat@1.0.3 checking installable status
80 silly cache add args [ 'concat@^1.0.3', null ]
81 verbose cache add spec concat@^1.0.3
82 silly cache add parsed spec Result {
82 silly cache add   raw: 'concat@^1.0.3',
82 silly cache add   scope: null,
82 silly cache add   name: 'concat',
82 silly cache add   rawSpec: '^1.0.3',
82 silly cache add   spec: '>=1.0.3 <2.0.0',
82 silly cache add   type: 'range' }
83 silly addNamed concat@>=1.0.3 <2.0.0
84 verbose addNamed ">=1.0.3 <2.0.0" is a valid semver range for concat
85 silly addNameRange { name: 'concat', range: '>=1.0.3 <2.0.0', hasData: false }
86 silly mapToRegistry name concat
87 silly mapToRegistry using default registry
88 silly mapToRegistry registry https://registry.npmjs.org/
89 silly mapToRegistry uri https://registry.npmjs.org/concat
90 verbose addNameRange registry:https://registry.npmjs.org/concat not in flight; fetching
91 verbose get https://registry.npmjs.org/concat not expired, no request
92 silly addNameRange number 2 { name: 'concat', range: '>=1.0.3 <2.0.0', hasData: true }
93 silly addNameRange versions [ 'concat',
93 silly addNameRange   [ '2.0.0',
93 silly addNameRange     '0.0.1-security',
93 silly addNameRange     '0.0.0',
93 silly addNameRange     '0.0.1',
93 silly addNameRange     '0.0.2',
93 silly addNameRange     '0.0.3',
93 silly addNameRange     '0.0.4',
93 silly addNameRange     '0.0.5',
93 silly addNameRange     '0.0.6',
93 silly addNameRange     '0.0.7',
93 silly addNameRange     '0.0.8',
93 silly addNameRange     '0.0.9',
93 silly addNameRange     '0.2.0',
93 silly addNameRange     '0.2.1',
93 silly addNameRange     '0.2.2',
93 silly addNameRange     '0.2.3',
93 silly addNameRange     '0.2.4',
93 silly addNameRange     '1.0.0',
93 silly addNameRange     '3.0.0',
93 silly addNameRange     '1.0.2',
93 silly addNameRange     '1.0.3' ] ]
94 silly addNamed concat@1.0.3
95 verbose addNamed "1.0.3" is a plain semver version for concat
96 silly cache afterAdd concat@1.0.3
97 verbose afterAdd /home/appsius/.npm/concat/1.0.3/package/package.json not in flight; writing
98 verbose afterAdd /home/appsius/.npm/concat/1.0.3/package/package.json written
99 verbose request uri https://registry.npmjs.org/node-sass
100 verbose request no auth needed
101 info attempt registry request try #1 at 6:36:25 PM
102 verbose etag W/"90d5a9d4b554a1664f8aa016d92bcd01"
103 verbose lastModified Mon, 04 May 2020 23:42:34 GMT
104 http request GET https://registry.npmjs.org/node-sass
105 silly resolveWithNewModule autoprefixer@9.8.4 checking installable status
106 silly cache add args [ 'autoprefixer@^9.8.4', null ]
107 verbose cache add spec autoprefixer@^9.8.4
108 silly cache add parsed spec Result {
108 silly cache add   raw: 'autoprefixer@^9.8.4',
108 silly cache add   scope: null,
108 silly cache add   name: 'autoprefixer',
108 silly cache add   rawSpec: '^9.8.4',
108 silly cache add   spec: '>=9.8.4 <10.0.0',
108 silly cache add   type: 'range' }
109 silly addNamed autoprefixer@>=9.8.4 <10.0.0
110 verbose addNamed ">=9.8.4 <10.0.0" is a valid semver range for autoprefixer
111 silly addNameRange { name: 'autoprefixer',
111 silly addNameRange   range: '>=9.8.4 <10.0.0',
111 silly addNameRange   hasData: false }
112 silly mapToRegistry name autoprefixer
113 silly mapToRegistry using default registry
114 silly mapToRegistry registry https://registry.npmjs.org/
115 silly mapToRegistry uri https://registry.npmjs.org/autoprefixer
116 verbose addNameRange registry:https://registry.npmjs.org/autoprefixer not in flight; fetching
117 verbose get https://registry.npmjs.org/autoprefixer not expired, no request
118 silly addNameRange number 2 { name: 'autoprefixer', range: '>=9.8.4 <10.0.0', hasData: true }
119 silly addNameRange versions [ 'autoprefixer',
119 silly addNameRange   [ '0.1.20130409',
119 silly addNameRange     '0.2.20130413',
119 silly addNameRange     '0.3.20130423',
119 silly addNameRange     '0.3.20130424',
119 silly addNameRange     '0.3.20130427',
119 silly addNameRange     '0.3.20130502',
119 silly addNameRange     '0.4.20130507',
119 silly addNameRange     '0.4.20130515',
119 silly addNameRange     '0.4.20130521',
119 silly addNameRange     '0.4.20130524',
119 silly addNameRange     '0.4.20130528',
119 silly addNameRange     '0.4.20130530',
119 silly addNameRange     '0.4.20130603',
119 silly addNameRange     '0.5.20130615',
119 silly addNameRange     '0.5.20130616',
119 silly addNameRange     '0.5.20130617',
119 silly addNameRange     '0.5.20130625',
119 silly addNameRange     '0.5.20130626',
119 silly addNameRange     '0.5.20130629',
119 silly addNameRange     '0.6.20130716',
119 silly addNameRange     '0.6.20130721',
119 silly addNameRange     '0.6.20130728',
119 silly addNameRange     '0.6.20130729',
119 silly addNameRange     '0.6.20130730',
119 silly addNameRange     '0.6.20130731',
119 silly addNameRange     '0.7.20130805',
119 silly addNameRange     '0.7.20130806',
119 silly addNameRange     '0.7.20130807',
119 silly addNameRange     '0.7.20130808',
119 silly addNameRange     '0.7.20130810',
119 silly addNameRange     '0.7.20130824',
119 silly addNameRange     '0.8.20130902',
119 silly addNameRange     '0.8.20130903',
119 silly addNameRange     '0.8.20130906',
119 silly addNameRange     '0.8.20130911',
119 silly addNameRange     '0.8.20130919',
119 silly addNameRange     '0.8.20130923',
119 silly addNameRange     '0.8.20131001',
119 silly addNameRange     '0.8.20131006',
119 silly addNameRange     '0.8.20131007',
119 silly addNameRange     '0.8.20131009',
119 silly addNameRange     '0.8.20131015',
119 silly addNameRange     '0.8.20131017',
119 silly addNameRange     '0.8.20131020',
119 silly addNameRange     '0.8.20131029',
119 silly addNameRange     '0.8.20131104',
119 silly addNameRange     '0.8.20131209',
119 silly addNameRange     '0.8.20131213',
119 silly addNameRange     '1.0.20131222',
119 silly addNameRange     '1.0.20140103',
119 silly addNameRange     '1.0.20140109',
119 silly addNameRange     '1.0.20140110',
119 silly addNameRange     '1.0.20140117',
119 silly addNameRange     '1.0.20140130',
119 silly addNameRange     '1.0.20140203',
119 silly addNameRange     '1.0.20140213',
119 silly addNameRange     '1.1.20140218',
119 silly addNameRange     '1.1.20140222',
119 silly addNameRange     '1.1.20140226',
119 silly addNameRange     '1.1.20140302',
119 silly addNameRange     '1.1.20140319',
119 silly addNameRange     '1.1.20140327',
119 silly addNameRange     '1.1.20140403',
119 silly addNameRange     '1.1.20140410',
119 silly addNameRange     '1.1.20140429',
119 silly addNameRange     '1.1.20140430',
119 silly addNameRange     '1.1.20140510',
119 silly addNameRange     '1.1.20140512',
119 silly addNameRange     '1.1.20140521',
119 silly addNameRange     '1.1.20140523',
119 silly addNameRange     '1.1.20140605',
119 silly addNameRange     '1.2.0',
119 silly addNameRange     '1.3.0',
119 silly addNameRange     '1.3.1',
119 silly addNameRange     '2.0.0',
119 silly addNameRange     '2.0.1',
119 silly addNameRange     '2.0.2',
119 silly addNameRange     '2.1.0',
119 silly addNameRange     '2.1.1',
119 silly addNameRange     '2.2.0',
119 silly addNameRange     '3.0.0',
119 silly addNameRange     '3.1.0',
119 silly addNameRange     '4.0.0',
119 silly addNameRange     '5.0.0',
119 silly addNameRange     '5.1.0',
119 silly addNameRange     '5.1.1',
119 silly addNameRange     '5.2.0',
119 silly addNameRange     '6.0.0',
119 silly addNameRange     '6.0.1',
119 silly addNameRange     '6.0.2',
119 silly addNameRange     '6.0.3',
119 silly addNameRange     '6.1.0',
119 silly addNameRange     '6.1.1',
119 silly addNameRange     '6.1.2',
119 silly addNameRange     '6.2.0',
119 silly addNameRange     '6.2.1',
119 silly addNameRange     '6.2.2',
119 silly addNameRange     '6.2.3',
119 silly addNameRange     '6.3.0',
119 silly addNameRange     '6.3.1',
119 silly addNameRange     ... 98 more items ] ]
120 silly addNamed autoprefixer@9.8.4
121 verbose addNamed "9.8.4" is a plain semver version for autoprefixer
122 http 304 https://registry.npmjs.org/node-sass
123 verbose headers { date: 'Wed, 08 Jul 2020 15:36:25 GMT',
123 verbose headers   connection: 'keep-alive',
123 verbose headers   'set-cookie':
123 verbose headers    [ '__cfduid=d1bfd27a3fc562e358042f12b253033631594222585; expires=Fri, 07-Aug-20 15:36:25 GMT; path=/; domain=.npmjs.org; HttpOnly; SameSite=Lax' ],
123 verbose headers   'cf-ray': '5afae177e91fe17e-IST',
123 verbose headers   age: '5529',
123 verbose headers   'cache-control': 'public, max-age=300',
123 verbose headers   etag: '"90d5a9d4b554a1664f8aa016d92bcd01"',
123 verbose headers   'last-modified': 'Mon, 04 May 2020 23:42:34 GMT',
123 verbose headers   vary: 'Accept-Encoding',
123 verbose headers   'cf-cache-status': 'HIT',
123 verbose headers   'cf-request-id': '03d0ab3eed0000e17e5c3ff200000001',
123 verbose headers   'expect-ct': 'max-age=604800, report-uri="https://report-uri.cloudflare.com/cdn-cgi/beacon/expect-ct"',
123 verbose headers   server: 'cloudflare' }
124 silly get cb [ 304,
124 silly get   { date: 'Wed, 08 Jul 2020 15:36:25 GMT',
124 silly get     connection: 'keep-alive',
124 silly get     'set-cookie':
124 silly get      [ '__cfduid=d1bfd27a3fc562e358042f12b253033631594222585; expires=Fri, 07-Aug-20 15:36:25 GMT; path=/; domain=.npmjs.org; HttpOnly; SameSite=Lax' ],
124 silly get     'cf-ray': '5afae177e91fe17e-IST',
124 silly get     age: '5529',
124 silly get     'cache-control': 'public, max-age=300',
124 silly get     etag: '"90d5a9d4b554a1664f8aa016d92bcd01"',
124 silly get     'last-modified': 'Mon, 04 May 2020 23:42:34 GMT',
124 silly get     vary: 'Accept-Encoding',
124 silly get     'cf-cache-status': 'HIT',
124 silly get     'cf-request-id': '03d0ab3eed0000e17e5c3ff200000001',
124 silly get     'expect-ct': 'max-age=604800, report-uri="https://report-uri.cloudflare.com/cdn-cgi/beacon/expect-ct"',
124 silly get     server: 'cloudflare' } ]
125 verbose etag https://registry.npmjs.org/node-sass from cache
126 verbose get saving node-sass to /home/appsius/.npm/registry.npmjs.org/node-sass/.cache.json
127 silly cache afterAdd autoprefixer@9.8.4
128 verbose afterAdd /home/appsius/.npm/autoprefixer/9.8.4/package/package.json not in flight; writing
129 silly resolveWithNewModule node-sass@4.14.1 checking installable status
130 silly cache add args [ 'node-sass@^4.14.1', null ]
131 verbose cache add spec node-sass@^4.14.1
132 silly cache add parsed spec Result {
132 silly cache add   raw: 'node-sass@^4.14.1',
132 silly cache add   scope: null,
132 silly cache add   name: 'node-sass',
132 silly cache add   rawSpec: '^4.14.1',
132 silly cache add   spec: '>=4.14.1 <5.0.0',
132 silly cache add   type: 'range' }
133 silly addNamed node-sass@>=4.14.1 <5.0.0
134 verbose addNamed ">=4.14.1 <5.0.0" is a valid semver range for node-sass
135 silly addNameRange { name: 'node-sass', range: '>=4.14.1 <5.0.0', hasData: false }
136 silly mapToRegistry name node-sass
137 silly mapToRegistry using default registry
138 silly mapToRegistry registry https://registry.npmjs.org/
139 silly mapToRegistry uri https://registry.npmjs.org/node-sass
140 verbose addNameRange registry:https://registry.npmjs.org/node-sass not in flight; fetching
141 verbose afterAdd /home/appsius/.npm/autoprefixer/9.8.4/package/package.json written
142 verbose get https://registry.npmjs.org/node-sass not expired, no request
143 silly addNameRange number 2 { name: 'node-sass', range: '>=4.14.1 <5.0.0', hasData: true }
144 silly addNameRange versions [ 'node-sass',
144 silly addNameRange   [ '0.2.0',
144 silly addNameRange     '0.2.1',
144 silly addNameRange     '0.2.2',
144 silly addNameRange     '0.2.3',
144 silly addNameRange     '0.2.4',
144 silly addNameRange     '0.2.5',
144 silly addNameRange     '0.2.6',
144 silly addNameRange     '0.3.0',
144 silly addNameRange     '0.4.0',
144 silly addNameRange     '0.4.1',
144 silly addNameRange     '0.4.2',
144 silly addNameRange     '0.4.3',
144 silly addNameRange     '0.4.4',
144 silly addNameRange     '0.5.0',
144 silly addNameRange     '0.5.1',
144 silly addNameRange     '0.5.2',
144 silly addNameRange     '0.5.3',
144 silly addNameRange     '0.5.4',
144 silly addNameRange     '0.6.0',
144 silly addNameRange     '0.6.1',
144 silly addNameRange     '0.6.2',
144 silly addNameRange     '0.6.3',
144 silly addNameRange     '0.6.4',
144 silly addNameRange     '0.6.5',
144 silly addNameRange     '0.6.6',
144 silly addNameRange     '0.6.7',
144 silly addNameRange     '0.7.0-alpha',
144 silly addNameRange     '0.7.0',
144 silly addNameRange     '0.8.0',
144 silly addNameRange     '0.8.1',
144 silly addNameRange     '0.8.2',
144 silly addNameRange     '0.8.3',
144 silly addNameRange     '0.8.4',
144 silly addNameRange     '0.8.5',
144 silly addNameRange     '0.8.6',
144 silly addNameRange     '0.9.0',
144 silly addNameRange     '0.9.1',
144 silly addNameRange     '0.9.2',
144 silly addNameRange     '0.9.3',
144 silly addNameRange     '0.9.4-rc1',
144 silly addNameRange     '0.9.4',
144 silly addNameRange     '0.9.5-rc1',
144 silly addNameRange     '0.9.5',
144 silly addNameRange     '0.9.6',
144 silly addNameRange     '1.0.0',
144 silly addNameRange     '1.0.1',
144 silly addNameRange     '1.0.2-alpha',
144 silly addNameRange     '1.0.2',
144 silly addNameRange     '1.0.3',
144 silly addNameRange     '1.1.0',
144 silly addNameRange     '1.1.1',
144 silly addNameRange     '1.1.2',
144 silly addNameRange     '1.1.3',
144 silly addNameRange     '1.1.4',
144 silly addNameRange     '1.2.0',
144 silly addNameRange     '1.2.1',
144 silly addNameRange     '1.2.2',
144 silly addNameRange     '1.2.3',
144 silly addNameRange     '2.0.0-beta',
144 silly addNameRange     '2.0.0',
144 silly addNameRange     '2.0.1',
144 silly addNameRange     '3.0.0-alpha.0',
144 silly addNameRange     '3.0.0-beta.2',
144 silly addNameRange     '3.0.0-beta.3',
144 silly addNameRange     '3.0.0-beta.4',
144 silly addNameRange     '2.1.0',
144 silly addNameRange     '2.1.1',
144 silly addNameRange     '3.0.0-beta.5',
144 silly addNameRange     '3.0.0-beta.7',
144 silly addNameRange     '3.0.0',
144 silly addNameRange     '3.1.0',
144 silly addNameRange     '3.1.1',
144 silly addNameRange     '3.1.2',
144 silly addNameRange     '3.2.0',
144 silly addNameRange     '3.3.0',
144 silly addNameRange     '3.3.1',
144 silly addNameRange     '3.3.2',
144 silly addNameRange     '3.3.3',
144 silly addNameRange     '3.4.0-beta1',
144 silly addNameRange     '3.4.0-beta.2',
144 silly addNameRange     '3.4.0',
144 silly addNameRange     '3.4.1',
144 silly addNameRange     '3.4.2',
144 silly addNameRange     '3.5.0-beta.1',
144 silly addNameRange     '3.5.1',
144 silly addNameRange     '3.5.2',
144 silly addNameRange     '3.5.3',
144 silly addNameRange     '3.6.0',
144 silly addNameRange     '3.7.0',
144 silly addNameRange     '3.8.0',
144 silly addNameRange     '3.9.0',
144 silly addNameRange     '3.9.1',
144 silly addNameRange     '3.9.2',
144 silly addNameRange     '3.9.3',
144 silly addNameRange     '3.10.0',
144 silly addNameRange     '3.10.0-1',
144 silly addNameRange     '3.10.1',
144 silly addNameRange     '3.11.0',
144 silly addNameRange     '3.11.1',
144 silly addNameRange     '3.11.2',
144 silly addNameRange     ... 39 more items ] ]
145 silly addNamed node-sass@4.14.1
146 verbose addNamed "4.14.1" is a plain semver version for node-sass
147 http 304 https://registry.npmjs.org/npm-run-all
148 verbose headers { date: 'Wed, 08 Jul 2020 15:36:25 GMT',
148 verbose headers   connection: 'keep-alive',
148 verbose headers   'set-cookie':
148 verbose headers    [ '__cfduid=dba7305abb5d1fbbf105e58a5d3e859701594222585; expires=Fri, 07-Aug-20 15:36:25 GMT; path=/; domain=.npmjs.org; HttpOnly; SameSite=Lax' ],
148 verbose headers   'cf-ray': '5afae1750e4dda26-IST',
148 verbose headers   'cache-control': 'public, max-age=300',
148 verbose headers   etag: '"b0bc139fda34a0f559c1b0bce1f2e5d2"',
148 verbose headers   'last-modified': 'Fri, 29 Nov 2019 09:32:44 GMT',
148 verbose headers   vary: 'Accept-Encoding',
148 verbose headers   'cf-cache-status': 'REVALIDATED',
148 verbose headers   'cf-request-id': '03d0ab3d200000da2626982200000001',
148 verbose headers   'expect-ct': 'max-age=604800, report-uri="https://report-uri.cloudflare.com/cdn-cgi/beacon/expect-ct"',
148 verbose headers   server: 'cloudflare' }
149 silly get cb [ 304,
149 silly get   { date: 'Wed, 08 Jul 2020 15:36:25 GMT',
149 silly get     connection: 'keep-alive',
149 silly get     'set-cookie':
149 silly get      [ '__cfduid=dba7305abb5d1fbbf105e58a5d3e859701594222585; expires=Fri, 07-Aug-20 15:36:25 GMT; path=/; domain=.npmjs.org; HttpOnly; SameSite=Lax' ],
149 silly get     'cf-ray': '5afae1750e4dda26-IST',
149 silly get     'cache-control': 'public, max-age=300',
149 silly get     etag: '"b0bc139fda34a0f559c1b0bce1f2e5d2"',
149 silly get     'last-modified': 'Fri, 29 Nov 2019 09:32:44 GMT',
149 silly get     vary: 'Accept-Encoding',
149 silly get     'cf-cache-status': 'REVALIDATED',
149 silly get     'cf-request-id': '03d0ab3d200000da2626982200000001',
149 silly get     'expect-ct': 'max-age=604800, report-uri="https://report-uri.cloudflare.com/cdn-cgi/beacon/expect-ct"',
149 silly get     server: 'cloudflare' } ]
150 verbose etag https://registry.npmjs.org/npm-run-all from cache
151 verbose get saving npm-run-all to /home/appsius/.npm/registry.npmjs.org/npm-run-all/.cache.json
152 http 304 https://registry.npmjs.org/postcss-cli
153 verbose headers { date: 'Wed, 08 Jul 2020 15:36:25 GMT',
153 verbose headers   connection: 'keep-alive',
153 verbose headers   'set-cookie':
153 verbose headers    [ '__cfduid=d68ddb66e679d497bcceedd87bcabd9141594222585; expires=Fri, 07-Aug-20 15:36:25 GMT; path=/; domain=.npmjs.org; HttpOnly; SameSite=Lax' ],
153 verbose headers   'cf-ray': '5afae1752f4ee172-IST',
153 verbose headers   'cache-control': 'public, max-age=300',
153 verbose headers   etag: '"52a83683fcc7723a04f9cd1c7891cd6e"',
153 verbose headers   'last-modified': 'Mon, 27 Apr 2020 17:18:52 GMT',
153 verbose headers   vary: 'Accept-Encoding',
153 verbose headers   'cf-cache-status': 'REVALIDATED',
153 verbose headers   'cf-request-id': '03d0ab3d350000e1729c07c200000001',
153 verbose headers   'expect-ct': 'max-age=604800, report-uri="https://report-uri.cloudflare.com/cdn-cgi/beacon/expect-ct"',
153 verbose headers   server: 'cloudflare' }
154 silly get cb [ 304,
154 silly get   { date: 'Wed, 08 Jul 2020 15:36:25 GMT',
154 silly get     connection: 'keep-alive',
154 silly get     'set-cookie':
154 silly get      [ '__cfduid=d68ddb66e679d497bcceedd87bcabd9141594222585; expires=Fri, 07-Aug-20 15:36:25 GMT; path=/; domain=.npmjs.org; HttpOnly; SameSite=Lax' ],
154 silly get     'cf-ray': '5afae1752f4ee172-IST',
154 silly get     'cache-control': 'public, max-age=300',
154 silly get     etag: '"52a83683fcc7723a04f9cd1c7891cd6e"',
154 silly get     'last-modified': 'Mon, 27 Apr 2020 17:18:52 GMT',
154 silly get     vary: 'Accept-Encoding',
154 silly get     'cf-cache-status': 'REVALIDATED',
154 silly get     'cf-request-id': '03d0ab3d350000e1729c07c200000001',
154 silly get     'expect-ct': 'max-age=604800, report-uri="https://report-uri.cloudflare.com/cdn-cgi/beacon/expect-ct"',
154 silly get     server: 'cloudflare' } ]
155 verbose etag https://registry.npmjs.org/postcss-cli from cache
156 verbose get saving postcss-cli to /home/appsius/.npm/registry.npmjs.org/postcss-cli/.cache.json
157 silly cache afterAdd node-sass@4.14.1
158 verbose afterAdd /home/appsius/.npm/node-sass/4.14.1/package/package.json not in flight; writing
159 silly resolveWithNewModule postcss-cli@7.1.1 checking installable status
160 silly cache add args [ 'postcss-cli@^7.1.1', null ]
161 verbose cache add spec postcss-cli@^7.1.1
162 silly cache add parsed spec Result {
162 silly cache add   raw: 'postcss-cli@^7.1.1',
162 silly cache add   scope: null,
162 silly cache add   name: 'postcss-cli',
162 silly cache add   rawSpec: '^7.1.1',
162 silly cache add   spec: '>=7.1.1 <8.0.0',
162 silly cache add   type: 'range' }
163 silly addNamed postcss-cli@>=7.1.1 <8.0.0
164 verbose addNamed ">=7.1.1 <8.0.0" is a valid semver range for postcss-cli
165 silly addNameRange { name: 'postcss-cli', range: '>=7.1.1 <8.0.0', hasData: false }
166 silly mapToRegistry name postcss-cli
167 silly mapToRegistry using default registry
168 silly mapToRegistry registry https://registry.npmjs.org/
169 silly mapToRegistry uri https://registry.npmjs.org/postcss-cli
170 verbose addNameRange registry:https://registry.npmjs.org/postcss-cli not in flight; fetching
171 silly resolveWithNewModule npm-run-all@4.1.5 checking installable status
172 silly cache add args [ 'npm-run-all@^4.1.5', null ]
173 verbose cache add spec npm-run-all@^4.1.5
174 silly cache add parsed spec Result {
174 silly cache add   raw: 'npm-run-all@^4.1.5',
174 silly cache add   scope: null,
174 silly cache add   name: 'npm-run-all',
174 silly cache add   rawSpec: '^4.1.5',
174 silly cache add   spec: '>=4.1.5 <5.0.0',
174 silly cache add   type: 'range' }
175 silly addNamed npm-run-all@>=4.1.5 <5.0.0
176 verbose addNamed ">=4.1.5 <5.0.0" is a valid semver range for npm-run-all
177 silly addNameRange { name: 'npm-run-all', range: '>=4.1.5 <5.0.0', hasData: false }
178 silly mapToRegistry name npm-run-all
179 silly mapToRegistry using default registry
180 silly mapToRegistry registry https://registry.npmjs.org/
181 silly mapToRegistry uri https://registry.npmjs.org/npm-run-all
182 verbose addNameRange registry:https://registry.npmjs.org/npm-run-all not in flight; fetching
183 verbose get https://registry.npmjs.org/postcss-cli not expired, no request
184 silly addNameRange number 2 { name: 'postcss-cli', range: '>=7.1.1 <8.0.0', hasData: true }
185 silly addNameRange versions [ 'postcss-cli',
185 silly addNameRange   [ '0.1.0',
185 silly addNameRange     '0.2.0',
185 silly addNameRange     '0.3.0',
185 silly addNameRange     '1.0.0',
185 silly addNameRange     '1.1.0',
185 silly addNameRange     '1.2.0',
185 silly addNameRange     '1.2.1',
185 silly addNameRange     '1.3.0',
185 silly addNameRange     '1.3.1',
185 silly addNameRange     '1.4.0',
185 silly addNameRange     '1.5.0',
185 silly addNameRange     '2.0.0',
185 silly addNameRange     '2.1.0',
185 silly addNameRange     '2.1.1',
185 silly addNameRange     '2.2.0',
185 silly addNameRange     '2.3.0',
185 silly addNameRange     '2.3.1',
185 silly addNameRange     '2.3.2',
185 silly addNameRange     '2.3.3',
185 silly addNameRange     '2.4.0',
185 silly addNameRange     '2.4.1',
185 silly addNameRange     '2.5.0',
185 silly addNameRange     '2.5.1',
185 silly addNameRange     '2.5.2',
185 silly addNameRange     '2.6.0',
185 silly addNameRange     '3.0.0-beta',
185 silly addNameRange     '3.0.0',
185 silly addNameRange     '3.1.0',
185 silly addNameRange     '3.1.1',
185 silly addNameRange     '3.2.0',
185 silly addNameRange     '4.0.0',
185 silly addNameRange     '4.1.0',
185 silly addNameRange     '4.1.1',
185 silly addNameRange     '5.0.0',
185 silly addNameRange     '5.0.1',
185 silly addNameRange     '6.0.0',
185 silly addNameRange     '6.0.1',
185 silly addNameRange     '6.1.0',
185 silly addNameRange     '6.1.1',
185 silly addNameRange     '6.1.2',
185 silly addNameRange     '6.1.3',
185 silly addNameRange     '7.0.0',
185 silly addNameRange     '7.1.0',
185 silly addNameRange     '7.1.1' ] ]
186 silly addNamed postcss-cli@7.1.1
187 verbose addNamed "7.1.1" is a plain semver version for postcss-cli
188 verbose get https://registry.npmjs.org/npm-run-all not expired, no request
189 silly addNameRange number 2 { name: 'npm-run-all', range: '>=4.1.5 <5.0.0', hasData: true }
190 silly addNameRange versions [ 'npm-run-all',
190 silly addNameRange   [ '1.0.0',
190 silly addNameRange     '1.0.1',
190 silly addNameRange     '1.0.2',
190 silly addNameRange     '1.0.3',
190 silly addNameRange     '1.1.0',
190 silly addNameRange     '1.1.1',
190 silly addNameRange     '1.1.2',
190 silly addNameRange     '1.1.3',
190 silly addNameRange     '1.2.0',
190 silly addNameRange     '1.2.1',
190 silly addNameRange     '1.2.2',
190 silly addNameRange     '1.2.3',
190 silly addNameRange     '1.2.4',
190 silly addNameRange     '1.2.5',
190 silly addNameRange     '1.2.6',
190 silly addNameRange     '1.2.7',
190 silly addNameRange     '1.2.8',
190 silly addNameRange     '1.2.9',
190 silly addNameRange     '1.2.10',
190 silly addNameRange     '1.2.11',
190 silly addNameRange     '1.2.12',
190 silly addNameRange     '1.2.13',
190 silly addNameRange     '1.2.14-beta',
190 silly addNameRange     '1.3.0',
190 silly addNameRange     '1.3.1',
190 silly addNameRange     '1.3.2',
190 silly addNameRange     '1.3.3',
190 silly addNameRange     '1.3.4',
190 silly addNameRange     '1.4.0',
190 silly addNameRange     '1.5.0',
190 silly addNameRange     '1.5.1',
190 silly addNameRange     '1.5.2',
190 silly addNameRange     '1.5.3-0',
190 silly addNameRange     '1.5.3',
190 silly addNameRange     '1.6.0',
190 silly addNameRange     '1.7.0',
190 silly addNameRange     '1.8.0',
190 silly addNameRange     '2.0.0',
190 silly addNameRange     '2.1.0',
190 silly addNameRange     '2.1.1',
190 silly addNameRange     '2.1.2',
190 silly addNameRange     '2.2.0',
190 silly addNameRange     '2.2.1',
190 silly addNameRange     '2.2.2',
190 silly addNameRange     '2.3.0',
190 silly addNameRange     '3.0.0',
190 silly addNameRange     '3.1.0',
190 silly addNameRange     '3.1.1',
190 silly addNameRange     '3.1.2',
190 silly addNameRange     '4.0.0',
190 silly addNameRange     '4.0.1',
190 silly addNameRange     '4.0.2',
190 silly addNameRange     '4.1.0',
190 silly addNameRange     '4.1.1',
190 silly addNameRange     '4.1.2',
190 silly addNameRange     '4.1.3',
190 silly addNameRange     '4.1.4',
190 silly addNameRange     '4.1.5' ] ]
191 silly addNamed npm-run-all@4.1.5
192 verbose addNamed "4.1.5" is a plain semver version for npm-run-all
193 verbose afterAdd /home/appsius/.npm/node-sass/4.14.1/package/package.json written
194 silly cache afterAdd npm-run-all@4.1.5
195 verbose afterAdd /home/appsius/.npm/npm-run-all/4.1.5/package/package.json not in flight; writing
196 silly cache afterAdd postcss-cli@7.1.1
197 verbose afterAdd /home/appsius/.npm/postcss-cli/7.1.1/package/package.json not in flight; writing
198 verbose afterAdd /home/appsius/.npm/npm-run-all/4.1.5/package/package.json written
199 verbose afterAdd /home/appsius/.npm/postcss-cli/7.1.1/package/package.json written
200 silly fetchNamedPackageData browserslist
201 silly mapToRegistry name browserslist
202 silly mapToRegistry using default registry
203 silly mapToRegistry registry https://registry.npmjs.org/
204 silly mapToRegistry uri https://registry.npmjs.org/browserslist
205 silly fetchNamedPackageData caniuse-lite
206 silly mapToRegistry name caniuse-lite
207 silly mapToRegistry using default registry
208 silly mapToRegistry registry https://registry.npmjs.org/
209 silly mapToRegistry uri https://registry.npmjs.org/caniuse-lite
210 silly fetchNamedPackageData colorette
211 silly mapToRegistry name colorette
212 silly mapToRegistry using default registry
213 silly mapToRegistry registry https://registry.npmjs.org/
214 silly mapToRegistry uri https://registry.npmjs.org/colorette
215 silly fetchNamedPackageData normalize-range
216 silly mapToRegistry name normalize-range
217 silly mapToRegistry using default registry
218 silly mapToRegistry registry https://registry.npmjs.org/
219 silly mapToRegistry uri https://registry.npmjs.org/normalize-range
220 silly fetchNamedPackageData num2fraction
221 silly mapToRegistry name num2fraction
222 silly mapToRegistry using default registry
223 silly mapToRegistry registry https://registry.npmjs.org/
224 silly mapToRegistry uri https://registry.npmjs.org/num2fraction
225 silly fetchNamedPackageData postcss
226 silly mapToRegistry name postcss
227 silly mapToRegistry using default registry
228 silly mapToRegistry registry https://registry.npmjs.org/
229 silly mapToRegistry uri https://registry.npmjs.org/postcss
230 silly fetchNamedPackageData postcss-value-parser
231 silly mapToRegistry name postcss-value-parser
232 silly mapToRegistry using default registry
233 silly mapToRegistry registry https://registry.npmjs.org/
234 silly mapToRegistry uri https://registry.npmjs.org/postcss-value-parser
235 verbose request uri https://registry.npmjs.org/browserslist
236 verbose request no auth needed
237 info attempt registry request try #1 at 6:36:28 PM
238 verbose etag W/"f85d4a9123c4780ec721a680063c18df"
239 verbose lastModified Sun, 05 Jul 2020 00:59:41 GMT
240 http request GET https://registry.npmjs.org/browserslist
241 verbose request uri https://registry.npmjs.org/colorette
242 verbose request no auth needed
243 info attempt registry request try #1 at 6:36:28 PM
244 verbose etag W/"665ad403f25cfae166255a97f1ef22d0"
245 verbose lastModified Sun, 05 Jul 2020 13:33:21 GMT
246 http request GET https://registry.npmjs.org/colorette
247 verbose request uri https://registry.npmjs.org/normalize-range
248 verbose request no auth needed
249 info attempt registry request try #1 at 6:36:28 PM
250 verbose etag W/"c3a15e353dc95f29f01c259f8cfdfa65"
251 verbose lastModified Sun, 27 May 2018 10:33:46 GMT
252 http request GET https://registry.npmjs.org/normalize-range
253 verbose request uri https://registry.npmjs.org/caniuse-lite
254 verbose request no auth needed
255 info attempt registry request try #1 at 6:36:28 PM
256 verbose etag W/"3b0451bd3de5ac43940fbf40fe4c3373"
257 verbose lastModified Wed, 08 Jul 2020 05:33:06 GMT
258 http request GET https://registry.npmjs.org/caniuse-lite
259 verbose request uri https://registry.npmjs.org/postcss-value-parser
260 verbose request no auth needed
261 info attempt registry request try #1 at 6:36:28 PM
262 verbose etag W/"ed949650f3ce96e09473b4f93ed363cd"
263 verbose lastModified Tue, 28 Apr 2020 14:11:57 GMT
264 http request GET https://registry.npmjs.org/postcss-value-parser
265 verbose request uri https://registry.npmjs.org/num2fraction
266 verbose request no auth needed
267 info attempt registry request try #1 at 6:36:28 PM
268 verbose etag W/"adf3de1622f8077a9b177d97a5c5a292"
269 verbose lastModified Sun, 27 May 2018 10:51:20 GMT
270 http request GET https://registry.npmjs.org/num2fraction
271 verbose request uri https://registry.npmjs.org/postcss
272 verbose request no auth needed
273 info attempt registry request try #1 at 6:36:28 PM
274 verbose etag W/"b39a02883cb201f4619dd67de927e6c2"
275 verbose lastModified Tue, 02 Jun 2020 12:50:24 GMT
276 http request GET https://registry.npmjs.org/postcss
277 http 304 https://registry.npmjs.org/normalize-range
278 verbose headers { date: 'Wed, 08 Jul 2020 15:36:28 GMT',
278 verbose headers   connection: 'keep-alive',
278 verbose headers   'set-cookie':
278 verbose headers    [ '__cfduid=df467a3f44fdb16a0cc6a30c0d14a3cd41594222588; expires=Fri, 07-Aug-20 15:36:28 GMT; path=/; domain=.npmjs.org; HttpOnly; SameSite=Lax' ],
278 verbose headers   'cf-ray': '5afae1894e31da26-IST',
278 verbose headers   age: '801',
278 verbose headers   'cache-control': 'public, max-age=300',
278 verbose headers   etag: '"c3a15e353dc95f29f01c259f8cfdfa65"',
278 verbose headers   'last-modified': 'Sun, 27 May 2018 10:33:46 GMT',
278 verbose headers   vary: 'Accept-Encoding',
278 verbose headers   'cf-cache-status': 'HIT',
278 verbose headers   'cf-request-id': '03d0ab49cc0000da2626a35200000001',
278 verbose headers   'expect-ct': 'max-age=604800, report-uri="https://report-uri.cloudflare.com/cdn-cgi/beacon/expect-ct"',
278 verbose headers   server: 'cloudflare' }
279 silly get cb [ 304,
279 silly get   { date: 'Wed, 08 Jul 2020 15:36:28 GMT',
279 silly get     connection: 'keep-alive',
279 silly get     'set-cookie':
279 silly get      [ '__cfduid=df467a3f44fdb16a0cc6a30c0d14a3cd41594222588; expires=Fri, 07-Aug-20 15:36:28 GMT; path=/; domain=.npmjs.org; HttpOnly; SameSite=Lax' ],
279 silly get     'cf-ray': '5afae1894e31da26-IST',
279 silly get     age: '801',
279 silly get     'cache-control': 'public, max-age=300',
279 silly get     etag: '"c3a15e353dc95f29f01c259f8cfdfa65"',
279 silly get     'last-modified': 'Sun, 27 May 2018 10:33:46 GMT',
279 silly get     vary: 'Accept-Encoding',
279 silly get     'cf-cache-status': 'HIT',
279 silly get     'cf-request-id': '03d0ab49cc0000da2626a35200000001',
279 silly get     'expect-ct': 'max-age=604800, report-uri="https://report-uri.cloudflare.com/cdn-cgi/beacon/expect-ct"',
279 silly get     server: 'cloudflare' } ]
280 verbose etag https://registry.npmjs.org/normalize-range from cache
281 verbose get saving normalize-range to /home/appsius/.npm/registry.npmjs.org/normalize-range/.cache.json
282 http 304 https://registry.npmjs.org/browserslist
283 verbose headers { date: 'Wed, 08 Jul 2020 15:36:28 GMT',
283 verbose headers   connection: 'keep-alive',
283 verbose headers   'set-cookie':
283 verbose headers    [ '__cfduid=d4f07e8a75659fc50fa6294bd00b539b11594222588; expires=Fri, 07-Aug-20 15:36:28 GMT; path=/; domain=.npmjs.org; HttpOnly; SameSite=Lax' ],
283 verbose headers   'cf-ray': '5afae1892e87da16-IST',
283 verbose headers   age: '1666',
283 verbose headers   'cache-control': 'public, max-age=300',
283 verbose headers   etag: '"f85d4a9123c4780ec721a680063c18df"',
283 verbose headers   'last-modified': 'Sun, 05 Jul 2020 00:59:41 GMT',
283 verbose headers   vary: 'Accept-Encoding',
283 verbose headers   'cf-cache-status': 'HIT',
283 verbose headers   'cf-request-id': '03d0ab49bd0000da16d4138200000001',
283 verbose headers   'expect-ct': 'max-age=604800, report-uri="https://report-uri.cloudflare.com/cdn-cgi/beacon/expect-ct"',
283 verbose headers   server: 'cloudflare' }
284 silly get cb [ 304,
284 silly get   { date: 'Wed, 08 Jul 2020 15:36:28 GMT',
284 silly get     connection: 'keep-alive',
284 silly get     'set-cookie':
284 silly get      [ '__cfduid=d4f07e8a75659fc50fa6294bd00b539b11594222588; expires=Fri, 07-Aug-20 15:36:28 GMT; path=/; domain=.npmjs.org; HttpOnly; SameSite=Lax' ],
284 silly get     'cf-ray': '5afae1892e87da16-IST',
284 silly get     age: '1666',
284 silly get     'cache-control': 'public, max-age=300',
284 silly get     etag: '"f85d4a9123c4780ec721a680063c18df"',
284 silly get     'last-modified': 'Sun, 05 Jul 2020 00:59:41 GMT',
284 silly get     vary: 'Accept-Encoding',
284 silly get     'cf-cache-status': 'HIT',
284 silly get     'cf-request-id': '03d0ab49bd0000da16d4138200000001',
284 silly get     'expect-ct': 'max-age=604800, report-uri="https://report-uri.cloudflare.com/cdn-cgi/beacon/expect-ct"',
284 silly get     server: 'cloudflare' } ]
285 verbose etag https://registry.npmjs.org/browserslist from cache
286 verbose get saving browserslist to /home/appsius/.npm/registry.npmjs.org/browserslist/.cache.json
287 http 304 https://registry.npmjs.org/colorette
288 verbose headers { date: 'Wed, 08 Jul 2020 15:36:28 GMT',
288 verbose headers   connection: 'keep-alive',
288 verbose headers   'set-cookie':
288 verbose headers    [ '__cfduid=d477a8d0b8b29bb748e29809c9930996f1594222588; expires=Fri, 07-Aug-20 15:36:28 GMT; path=/; domain=.npmjs.org; HttpOnly; SameSite=Lax' ],
288 verbose headers   'cf-ray': '5afae1894f1be17e-IST',
288 verbose headers   age: '6767',
288 verbose headers   'cache-control': 'public, max-age=300',
288 verbose headers   etag: '"665ad403f25cfae166255a97f1ef22d0"',
288 verbose headers   'last-modified': 'Sun, 05 Jul 2020 13:33:21 GMT',
288 verbose headers   vary: 'Accept-Encoding',
288 verbose headers   'cf-cache-status': 'HIT',
288 verbose headers   'cf-request-id': '03d0ab49c80000e17e5c10e200000001',
288 verbose headers   'expect-ct': 'max-age=604800, report-uri="https://report-uri.cloudflare.com/cdn-cgi/beacon/expect-ct"',
288 verbose headers   server: 'cloudflare' }
289 silly get cb [ 304,
289 silly get   { date: 'Wed, 08 Jul 2020 15:36:28 GMT',
289 silly get     connection: 'keep-alive',
289 silly get     'set-cookie':
289 silly get      [ '__cfduid=d477a8d0b8b29bb748e29809c9930996f1594222588; expires=Fri, 07-Aug-20 15:36:28 GMT; path=/; domain=.npmjs.org; HttpOnly; SameSite=Lax' ],
289 silly get     'cf-ray': '5afae1894f1be17e-IST',
289 silly get     age: '6767',
289 silly get     'cache-control': 'public, max-age=300',
289 silly get     etag: '"665ad403f25cfae166255a97f1ef22d0"',
289 silly get     'last-modified': 'Sun, 05 Jul 2020 13:33:21 GMT',
289 silly get     vary: 'Accept-Encoding',
289 silly get     'cf-cache-status': 'HIT',
289 silly get     'cf-request-id': '03d0ab49c80000e17e5c10e200000001',
289 silly get     'expect-ct': 'max-age=604800, report-uri="https://report-uri.cloudflare.com/cdn-cgi/beacon/expect-ct"',
289 silly get     server: 'cloudflare' } ]
290 verbose etag https://registry.npmjs.org/colorette from cache
291 verbose get saving colorette to /home/appsius/.npm/registry.npmjs.org/colorette/.cache.json
292 http 304 https://registry.npmjs.org/postcss-value-parser
293 verbose headers { date: 'Wed, 08 Jul 2020 15:36:28 GMT',
293 verbose headers   connection: 'keep-alive',
293 verbose headers   'set-cookie':
293 verbose headers    [ '__cfduid=d9739385e50b81e19eb5a4fb5026e6f711594222588; expires=Fri, 07-Aug-20 15:36:28 GMT; path=/; domain=.npmjs.org; HttpOnly; SameSite=Lax' ],
293 verbose headers   'cf-ray': '5afae18a0a9ee18a-IST',
293 verbose headers   age: '801',
293 verbose headers   'cache-control': 'public, max-age=300',
293 verbose headers   etag: '"ed949650f3ce96e09473b4f93ed363cd"',
293 verbose headers   'last-modified': 'Tue, 28 Apr 2020 14:11:57 GMT',
293 verbose headers   vary: 'Accept-Encoding',
293 verbose headers   'cf-cache-status': 'HIT',
293 verbose headers   'cf-request-id': '03d0ab4a410000e18a368f1200000001',
293 verbose headers   'expect-ct': 'max-age=604800, report-uri="https://report-uri.cloudflare.com/cdn-cgi/beacon/expect-ct"',
293 verbose headers   server: 'cloudflare' }
294 silly get cb [ 304,
294 silly get   { date: 'Wed, 08 Jul 2020 15:36:28 GMT',
294 silly get     connection: 'keep-alive',
294 silly get     'set-cookie':
294 silly get      [ '__cfduid=d9739385e50b81e19eb5a4fb5026e6f711594222588; expires=Fri, 07-Aug-20 15:36:28 GMT; path=/; domain=.npmjs.org; HttpOnly; SameSite=Lax' ],
294 silly get     'cf-ray': '5afae18a0a9ee18a-IST',
294 silly get     age: '801',
294 silly get     'cache-control': 'public, max-age=300',
294 silly get     etag: '"ed949650f3ce96e09473b4f93ed363cd"',
294 silly get     'last-modified': 'Tue, 28 Apr 2020 14:11:57 GMT',
294 silly get     vary: 'Accept-Encoding',
294 silly get     'cf-cache-status': 'HIT',
294 silly get     'cf-request-id': '03d0ab4a410000e18a368f1200000001',
294 silly get     'expect-ct': 'max-age=604800, report-uri="https://report-uri.cloudflare.com/cdn-cgi/beacon/expect-ct"',
294 silly get     server: 'cloudflare' } ]
295 verbose etag https://registry.npmjs.org/postcss-value-parser from cache
296 verbose get saving postcss-value-parser to /home/appsius/.npm/registry.npmjs.org/postcss-value-parser/.cache.json
297 http 304 https://registry.npmjs.org/num2fraction
298 verbose headers { date: 'Wed, 08 Jul 2020 15:36:28 GMT',
298 verbose headers   connection: 'keep-alive',
298 verbose headers   'set-cookie':
298 verbose headers    [ '__cfduid=d9739385e50b81e19eb5a4fb5026e6f711594222588; expires=Fri, 07-Aug-20 15:36:28 GMT; path=/; domain=.npmjs.org; HttpOnly; SameSite=Lax' ],
298 verbose headers   'cf-ray': '5afae18a1ab1e18a-IST',
298 verbose headers   age: '801',
298 verbose headers   'cache-control': 'public, max-age=300',
298 verbose headers   etag: '"adf3de1622f8077a9b177d97a5c5a292"',
298 verbose headers   'last-modified': 'Sun, 27 May 2018 10:51:20 GMT',
298 verbose headers   vary: 'Accept-Encoding',
298 verbose headers   'cf-cache-status': 'HIT',
298 verbose headers   'cf-request-id': '03d0ab4a4d0000e18a343bc200000001',
298 verbose headers   'expect-ct': 'max-age=604800, report-uri="https://report-uri.cloudflare.com/cdn-cgi/beacon/expect-ct"',
298 verbose headers   server: 'cloudflare' }
299 silly get cb [ 304,
299 silly get   { date: 'Wed, 08 Jul 2020 15:36:28 GMT',
299 silly get     connection: 'keep-alive',
299 silly get     'set-cookie':
299 silly get      [ '__cfduid=d9739385e50b81e19eb5a4fb5026e6f711594222588; expires=Fri, 07-Aug-20 15:36:28 GMT; path=/; domain=.npmjs.org; HttpOnly; SameSite=Lax' ],
299 silly get     'cf-ray': '5afae18a1ab1e18a-IST',
299 silly get     age: '801',
299 silly get     'cache-control': 'public, max-age=300',
299 silly get     etag: '"adf3de1622f8077a9b177d97a5c5a292"',
299 silly get     'last-modified': 'Sun, 27 May 2018 10:51:20 GMT',
299 silly get     vary: 'Accept-Encoding',
299 silly get     'cf-cache-status': 'HIT',
299 silly get     'cf-request-id': '03d0ab4a4d0000e18a343bc200000001',
299 silly get     'expect-ct': 'max-age=604800, report-uri="https://report-uri.cloudflare.com/cdn-cgi/beacon/expect-ct"',
299 silly get     server: 'cloudflare' } ]
300 verbose etag https://registry.npmjs.org/num2fraction from cache
301 verbose get saving num2fraction to /home/appsius/.npm/registry.npmjs.org/num2fraction/.cache.json
302 http 304 https://registry.npmjs.org/postcss
303 verbose headers { date: 'Wed, 08 Jul 2020 15:36:28 GMT',
303 verbose headers   connection: 'keep-alive',
303 verbose headers   'set-cookie':
303 verbose headers    [ '__cfduid=d9d86d45b96bfea119fb5e5f3514a216b1594222588; expires=Fri, 07-Aug-20 15:36:28 GMT; path=/; domain=.npmjs.org; HttpOnly; SameSite=Lax' ],
303 verbose headers   'cf-ray': '5afae18a281de186-IST',
303 verbose headers   age: '801',
303 verbose headers   'cache-control': 'public, max-age=300',
303 verbose headers   etag: '"b39a02883cb201f4619dd67de927e6c2"',
303 verbose headers   'last-modified': 'Tue, 02 Jun 2020 12:50:24 GMT',
303 verbose headers   vary: 'Accept-Encoding',
303 verbose headers   'cf-cache-status': 'HIT',
303 verbose headers   'cf-request-id': '03d0ab4a5d0000e18644b37200000001',
303 verbose headers   'expect-ct': 'max-age=604800, report-uri="https://report-uri.cloudflare.com/cdn-cgi/beacon/expect-ct"',
303 verbose headers   server: 'cloudflare' }
304 silly get cb [ 304,
304 silly get   { date: 'Wed, 08 Jul 2020 15:36:28 GMT',
304 silly get     connection: 'keep-alive',
304 silly get     'set-cookie':
304 silly get      [ '__cfduid=d9d86d45b96bfea119fb5e5f3514a216b1594222588; expires=Fri, 07-Aug-20 15:36:28 GMT; path=/; domain=.npmjs.org; HttpOnly; SameSite=Lax' ],
304 silly get     'cf-ray': '5afae18a281de186-IST',
304 silly get     age: '801',
304 silly get     'cache-control': 'public, max-age=300',
304 silly get     etag: '"b39a02883cb201f4619dd67de927e6c2"',
304 silly get     'last-modified': 'Tue, 02 Jun 2020 12:50:24 GMT',
304 silly get     vary: 'Accept-Encoding',
304 silly get     'cf-cache-status': 'HIT',
304 silly get     'cf-request-id': '03d0ab4a5d0000e18644b37200000001',
304 silly get     'expect-ct': 'max-age=604800, report-uri="https://report-uri.cloudflare.com/cdn-cgi/beacon/expect-ct"',
304 silly get     server: 'cloudflare' } ]
305 verbose etag https://registry.npmjs.org/postcss from cache
306 verbose get saving postcss to /home/appsius/.npm/registry.npmjs.org/postcss/.cache.json
307 verbose stack Error: Missing required argument #1
307 verbose stack     at andLogAndFinish (/usr/share/npm/lib/fetch-package-metadata.js:31:3)
307 verbose stack     at fetchPackageMetadata (/usr/share/npm/lib/fetch-package-metadata.js:51:22)
307 verbose stack     at resolveWithNewModule (/usr/share/npm/lib/install/deps.js:456:12)
307 verbose stack     at /usr/share/npm/lib/install/deps.js:457:7
307 verbose stack     at /usr/share/npm/node_modules/iferr/index.js:13:50
307 verbose stack     at /usr/share/npm/lib/fetch-package-metadata.js:37:12
307 verbose stack     at addRequestedAndFinish (/usr/share/npm/lib/fetch-package-metadata.js:82:5)
307 verbose stack     at returnAndAddMetadata (/usr/share/npm/lib/fetch-package-metadata.js:117:7)
307 verbose stack     at pickVersionFromRegistryDocument (/usr/share/npm/lib/fetch-package-metadata.js:134:20)
307 verbose stack     at /usr/share/npm/node_modules/iferr/index.js:13:50
308 verbose cwd /mnt/c/Sandbox/Portofolio_Projects/Famona
309 error Linux 4.4.0-18362-Microsoft
310 error argv "/usr/bin/node" "/usr/bin/npm" "install"
311 error node v8.10.0
312 error npm  v3.5.2
313 error code EMISSINGARG
314 error typeerror Error: Missing required argument #1
314 error typeerror     at andLogAndFinish (/usr/share/npm/lib/fetch-package-metadata.js:31:3)
314 error typeerror     at fetchPackageMetadata (/usr/share/npm/lib/fetch-package-metadata.js:51:22)
314 error typeerror     at resolveWithNewModule (/usr/share/npm/lib/install/deps.js:456:12)
314 error typeerror     at /usr/share/npm/lib/install/deps.js:457:7
314 error typeerror     at /usr/share/npm/node_modules/iferr/index.js:13:50
314 error typeerror     at /usr/share/npm/lib/fetch-package-metadata.js:37:12
314 error typeerror     at addRequestedAndFinish (/usr/share/npm/lib/fetch-package-metadata.js:82:5)
314 error typeerror     at returnAndAddMetadata (/usr/share/npm/lib/fetch-package-metadata.js:117:7)
314 error typeerror     at pickVersionFromRegistryDocument (/usr/share/npm/lib/fetch-package-metadata.js:134:20)
314 error typeerror     at /usr/share/npm/node_modules/iferr/index.js:13:50
315 error typeerror This is an error with npm itself. Please report this error at:
315 error typeerror     <http://github.com/npm/npm/issues>
316 verbose exit [ 1, true ]
